CRITICAL - 2022-06-24 10:46:34 --> The framework needs the following extension(s) installed and loaded: intl.
in SYSTEMPATH/CodeIgniter.php on line 231.
 1 SYSTEMPATH/CodeIgniter.php(231): CodeIgniter\Exceptions\FrameworkException::forMissingExtension()
 2 SYSTEMPATH/CodeIgniter.php(189): CodeIgniter\CodeIgniter->resolvePlatformExtensions()
 3 ROOTPATH/spark(71): CodeIgniter\CodeIgniter->initialize()
CRITICAL - 2022-06-24 06:07:31 --> The namespace delimiter is a backslash (\), not a slash (/). Route handler: \App\Controllers\App/Contacts::index
in SYSTEMPATH/Router/Router.php on line 466.
 1 SYSTEMPATH/Router/Router.php(466): CodeIgniter\Router\Exceptions\RouterException::forInvalidControllerName()
 2 SYSTEMPATH/Router/Router.php(181): CodeIgniter\Router\Router->checkRoutes()
 3 SYSTEMPATH/CodeIgniter.php(771): CodeIgniter\Router\Router->handle()
 4 SYSTEMPATH/CodeIgniter.php(415): CodeIgniter\CodeIgniter->tryToRouteIt()
 5 SYSTEMPATH/CodeIgniter.php(349): CodeIgniter\CodeIgniter->handleRequest()
 6 FCPATH/index.php(55): CodeIgniter\CodeIgniter->run()
 7 SYSTEMPATH/Commands/Server/rewrite.php(43): require_once('FCPATH/index.php')
CRITICAL - 2022-06-24 06:09:01 --> Class 'Model' not found
in APPPATH/Models/ContactModel.php on line 3.
 1 SYSTEMPATH/Autoloader/Autoloader.php(284): include_once()
 2 SYSTEMPATH/Autoloader/Autoloader.php(261): CodeIgniter\Autoloader\Autoloader->includeFile()
 3 SYSTEMPATH/Autoloader/Autoloader.php(239): CodeIgniter\Autoloader\Autoloader->loadInNamespace()
 4 [internal function]: CodeIgniter\Autoloader\Autoloader->loadClass()
 5 [internal function]: spl_autoload_call()
 6 SYSTEMPATH/RESTful/BaseResource.php(53): class_exists()
 7 SYSTEMPATH/RESTful/BaseResource.php(37): CodeIgniter\RESTful\BaseResource->setModel()
 8 SYSTEMPATH/CodeIgniter.php(859): CodeIgniter\RESTful\BaseResource->initController()
 9 SYSTEMPATH/CodeIgniter.php(457): CodeIgniter\CodeIgniter->createController()
10 SYSTEMPATH/CodeIgniter.php(349): CodeIgniter\CodeIgniter->handleRequest()
11 FCPATH/index.php(55): CodeIgniter\CodeIgniter->run()
12 SYSTEMPATH/Commands/Server/rewrite.php(43): require_once('FCPATH/index.php')
CRITICAL - 2022-06-24 06:09:49 --> Class 'App\Controllers\ResourceController' not found
in APPPATH/Controllers/ContactsController.php on line 7.
 1 SYSTEMPATH/Autoloader/Autoloader.php(284): include_once()
 2 SYSTEMPATH/Autoloader/Autoloader.php(261): CodeIgniter\Autoloader\Autoloader->includeFile()
 3 SYSTEMPATH/Autoloader/Autoloader.php(239): CodeIgniter\Autoloader\Autoloader->loadInNamespace()
 4 [internal function]: CodeIgniter\Autoloader\Autoloader->loadClass()
 5 [internal function]: spl_autoload_call()
 6 SYSTEMPATH/CodeIgniter.php(846): class_exists()
 7 SYSTEMPATH/CodeIgniter.php(453): CodeIgniter\CodeIgniter->startController()
 8 SYSTEMPATH/CodeIgniter.php(349): CodeIgniter\CodeIgniter->handleRequest()
 9 FCPATH/index.php(55): CodeIgniter\CodeIgniter->run()
10 SYSTEMPATH/Commands/Server/rewrite.php(43): require_once('FCPATH/index.php')
CRITICAL - 2022-06-24 06:10:19 --> Call to undefined method App\Controllers\ContactsController::initController()
in SYSTEMPATH/CodeIgniter.php on line 859.
 1 SYSTEMPATH/CodeIgniter.php(457): CodeIgniter\CodeIgniter->createController()
 2 SYSTEMPATH/CodeIgniter.php(349): CodeIgniter\CodeIgniter->handleRequest()
 3 FCPATH/index.php(55): CodeIgniter\CodeIgniter->run()
 4 SYSTEMPATH/Commands/Server/rewrite.php(43): require_once('FCPATH/index.php')
