CRITICAL - 2022-06-25 04:07:41 --> Declaration of App\Controllers\ContactsController::update() should be compatible with CodeIgniter\RESTful\ResourceController::update($id = NULL)
in APPPATH/Controllers/ContactsController.php on line 21.
 1 APPPATH/Controllers/ContactsController.php(9): CodeIgniter\Debug\Exceptions->errorHandler()
 2 SYSTEMPATH/Autoloader/Autoloader.php(284): include_once('APPPATH/Controllers/ContactsController.php')
 3 SYSTEMPATH/Autoloader/Autoloader.php(261): CodeIgniter\Autoloader\Autoloader->includeFile()
 4 SYSTEMPATH/Autoloader/Autoloader.php(239): CodeIgniter\Autoloader\Autoloader->loadInNamespace()
 5 [internal function]: CodeIgniter\Autoloader\Autoloader->loadClass()
 6 [internal function]: spl_autoload_call()
 7 SYSTEMPATH/CodeIgniter.php(846): class_exists()
 8 SYSTEMPATH/CodeIgniter.php(453): CodeIgniter\CodeIgniter->startController()
 9 SYSTEMPATH/CodeIgniter.php(349): CodeIgniter\CodeIgniter->handleRequest()
10 FCPATH/index.php(55): CodeIgniter\CodeIgniter->run()
11 SYSTEMPATH/Commands/Server/rewrite.php(43): require_once('FCPATH/index.php')
CRITICAL - 2022-06-25 04:10:57 --> Declaration of App\Controllers\ContactsController::update($id, $contact) should be compatible with CodeIgniter\RESTful\ResourceController::update($id = NULL)
in APPPATH/Controllers/ContactsController.php on line 21.
 1 APPPATH/Controllers/ContactsController.php(9): CodeIgniter\Debug\Exceptions->errorHandler()
 2 SYSTEMPATH/Autoloader/Autoloader.php(284): include_once('APPPATH/Controllers/ContactsController.php')
 3 SYSTEMPATH/Autoloader/Autoloader.php(261): CodeIgniter\Autoloader\Autoloader->includeFile()
 4 SYSTEMPATH/Autoloader/Autoloader.php(239): CodeIgniter\Autoloader\Autoloader->loadInNamespace()
 5 [internal function]: CodeIgniter\Autoloader\Autoloader->loadClass()
 6 [internal function]: spl_autoload_call()
 7 SYSTEMPATH/CodeIgniter.php(846): class_exists()
 8 SYSTEMPATH/CodeIgniter.php(453): CodeIgniter\CodeIgniter->startController()
 9 SYSTEMPATH/CodeIgniter.php(349): CodeIgniter\CodeIgniter->handleRequest()
10 FCPATH/index.php(55): CodeIgniter\CodeIgniter->run()
11 SYSTEMPATH/Commands/Server/rewrite.php(43): require_once('FCPATH/index.php')
CRITICAL - 2022-06-25 04:11:19 --> Declaration of App\Controllers\ContactsController::update($contact) should be compatible with CodeIgniter\RESTful\ResourceController::update($id = NULL)
in APPPATH/Controllers/ContactsController.php on line 21.
 1 APPPATH/Controllers/ContactsController.php(9): CodeIgniter\Debug\Exceptions->errorHandler()
 2 SYSTEMPATH/Autoloader/Autoloader.php(284): include_once('APPPATH/Controllers/ContactsController.php')
 3 SYSTEMPATH/Autoloader/Autoloader.php(261): CodeIgniter\Autoloader\Autoloader->includeFile()
 4 SYSTEMPATH/Autoloader/Autoloader.php(239): CodeIgniter\Autoloader\Autoloader->loadInNamespace()
 5 [internal function]: CodeIgniter\Autoloader\Autoloader->loadClass()
 6 [internal function]: spl_autoload_call()
 7 SYSTEMPATH/CodeIgniter.php(846): class_exists()
 8 SYSTEMPATH/CodeIgniter.php(453): CodeIgniter\CodeIgniter->startController()
 9 SYSTEMPATH/CodeIgniter.php(349): CodeIgniter\CodeIgniter->handleRequest()
10 FCPATH/index.php(55): CodeIgniter\CodeIgniter->run()
11 SYSTEMPATH/Commands/Server/rewrite.php(43): require_once('FCPATH/index.php')
CRITICAL - 2022-06-25 04:12:50 --> Declaration of App\Controllers\ContactsController::update($contact) should be compatible with CodeIgniter\RESTful\ResourceController::update($id = NULL)
in APPPATH/Controllers/ContactsController.php on line 21.
 1 APPPATH/Controllers/ContactsController.php(9): CodeIgniter\Debug\Exceptions->errorHandler()
 2 SYSTEMPATH/Autoloader/Autoloader.php(284): include_once('APPPATH/Controllers/ContactsController.php')
 3 SYSTEMPATH/Autoloader/Autoloader.php(261): CodeIgniter\Autoloader\Autoloader->includeFile()
 4 SYSTEMPATH/Autoloader/Autoloader.php(239): CodeIgniter\Autoloader\Autoloader->loadInNamespace()
 5 [internal function]: CodeIgniter\Autoloader\Autoloader->loadClass()
 6 [internal function]: spl_autoload_call()
 7 SYSTEMPATH/CodeIgniter.php(846): class_exists()
 8 SYSTEMPATH/CodeIgniter.php(453): CodeIgniter\CodeIgniter->startController()
 9 SYSTEMPATH/CodeIgniter.php(349): CodeIgniter\CodeIgniter->handleRequest()
10 FCPATH/index.php(55): CodeIgniter\CodeIgniter->run()
11 SYSTEMPATH/Commands/Server/rewrite.php(43): require_once('FCPATH/index.php')
CRITICAL - 2022-06-25 04:14:04 --> Declaration of App\Controllers\ContactsController::update($contact) should be compatible with CodeIgniter\RESTful\ResourceController::update($id = NULL)
in APPPATH/Controllers/ContactsController.php on line 21.
 1 APPPATH/Controllers/ContactsController.php(9): CodeIgniter\Debug\Exceptions->errorHandler()
 2 SYSTEMPATH/Autoloader/Autoloader.php(284): include_once('APPPATH/Controllers/ContactsController.php')
 3 SYSTEMPATH/Autoloader/Autoloader.php(261): CodeIgniter\Autoloader\Autoloader->includeFile()
 4 SYSTEMPATH/Autoloader/Autoloader.php(239): CodeIgniter\Autoloader\Autoloader->loadInNamespace()
 5 [internal function]: CodeIgniter\Autoloader\Autoloader->loadClass()
 6 [internal function]: spl_autoload_call()
 7 SYSTEMPATH/CodeIgniter.php(846): class_exists()
 8 SYSTEMPATH/CodeIgniter.php(453): CodeIgniter\CodeIgniter->startController()
 9 SYSTEMPATH/CodeIgniter.php(349): CodeIgniter\CodeIgniter->handleRequest()
10 FCPATH/index.php(55): CodeIgniter\CodeIgniter->run()
11 SYSTEMPATH/Commands/Server/rewrite.php(43): require_once('FCPATH/index.php')
CRITICAL - 2022-06-25 04:27:33 --> Declaration of App\Controllers\ContactsController::update($contact) should be compatible with CodeIgniter\RESTful\ResourceController::update($id = NULL)
in APPPATH/Controllers/ContactsController.php on line 21.
 1 APPPATH/Controllers/ContactsController.php(9): CodeIgniter\Debug\Exceptions->errorHandler()
 2 SYSTEMPATH/Autoloader/Autoloader.php(284): include_once('APPPATH/Controllers/ContactsController.php')
 3 SYSTEMPATH/Autoloader/Autoloader.php(261): CodeIgniter\Autoloader\Autoloader->includeFile()
 4 SYSTEMPATH/Autoloader/Autoloader.php(239): CodeIgniter\Autoloader\Autoloader->loadInNamespace()
 5 [internal function]: CodeIgniter\Autoloader\Autoloader->loadClass()
 6 [internal function]: spl_autoload_call()
 7 SYSTEMPATH/CodeIgniter.php(846): class_exists()
 8 SYSTEMPATH/CodeIgniter.php(453): CodeIgniter\CodeIgniter->startController()
 9 SYSTEMPATH/CodeIgniter.php(349): CodeIgniter\CodeIgniter->handleRequest()
10 FCPATH/index.php(55): CodeIgniter\CodeIgniter->run()
11 SYSTEMPATH/Commands/Server/rewrite.php(43): require_once('FCPATH/index.php')
CRITICAL - 2022-06-25 04:31:48 --> Declaration of App\Controllers\ContactsController::update($contact) should be compatible with CodeIgniter\RESTful\ResourceController::update($id = NULL)
in APPPATH/Controllers/ContactsController.php on line 21.
 1 APPPATH/Controllers/ContactsController.php(9): CodeIgniter\Debug\Exceptions->errorHandler()
 2 SYSTEMPATH/Autoloader/Autoloader.php(284): include_once('APPPATH/Controllers/ContactsController.php')
 3 SYSTEMPATH/Autoloader/Autoloader.php(261): CodeIgniter\Autoloader\Autoloader->includeFile()
 4 SYSTEMPATH/Autoloader/Autoloader.php(239): CodeIgniter\Autoloader\Autoloader->loadInNamespace()
 5 [internal function]: CodeIgniter\Autoloader\Autoloader->loadClass()
 6 [internal function]: spl_autoload_call()
 7 SYSTEMPATH/CodeIgniter.php(846): class_exists()
 8 SYSTEMPATH/CodeIgniter.php(453): CodeIgniter\CodeIgniter->startController()
 9 SYSTEMPATH/CodeIgniter.php(349): CodeIgniter\CodeIgniter->handleRequest()
10 FCPATH/index.php(55): CodeIgniter\CodeIgniter->run()
11 SYSTEMPATH/Commands/Server/rewrite.php(43): require_once('FCPATH/index.php')
CRITICAL - 2022-06-25 04:32:30 --> Declaration of App\Controllers\ContactsController::update($id, $contact) should be compatible with CodeIgniter\RESTful\ResourceController::update($id = NULL)
in APPPATH/Controllers/ContactsController.php on line 21.
 1 APPPATH/Controllers/ContactsController.php(9): CodeIgniter\Debug\Exceptions->errorHandler()
 2 SYSTEMPATH/Autoloader/Autoloader.php(284): include_once('APPPATH/Controllers/ContactsController.php')
 3 SYSTEMPATH/Autoloader/Autoloader.php(261): CodeIgniter\Autoloader\Autoloader->includeFile()
 4 SYSTEMPATH/Autoloader/Autoloader.php(239): CodeIgniter\Autoloader\Autoloader->loadInNamespace()
 5 [internal function]: CodeIgniter\Autoloader\Autoloader->loadClass()
 6 [internal function]: spl_autoload_call()
 7 SYSTEMPATH/CodeIgniter.php(846): class_exists()
 8 SYSTEMPATH/CodeIgniter.php(453): CodeIgniter\CodeIgniter->startController()
 9 SYSTEMPATH/CodeIgniter.php(349): CodeIgniter\CodeIgniter->handleRequest()
10 FCPATH/index.php(55): CodeIgniter\CodeIgniter->run()
11 SYSTEMPATH/Commands/Server/rewrite.php(43): require_once('FCPATH/index.php')
CRITICAL - 2022-06-25 04:32:55 --> Declaration of App\Controllers\ContactsController::update($id, $contact) should be compatible with CodeIgniter\RESTful\ResourceController::update($id = NULL)
in APPPATH/Controllers/ContactsController.php on line 21.
 1 APPPATH/Controllers/ContactsController.php(9): CodeIgniter\Debug\Exceptions->errorHandler()
 2 SYSTEMPATH/Autoloader/Autoloader.php(284): include_once('APPPATH/Controllers/ContactsController.php')
 3 SYSTEMPATH/Autoloader/Autoloader.php(261): CodeIgniter\Autoloader\Autoloader->includeFile()
 4 SYSTEMPATH/Autoloader/Autoloader.php(239): CodeIgniter\Autoloader\Autoloader->loadInNamespace()
 5 [internal function]: CodeIgniter\Autoloader\Autoloader->loadClass()
 6 [internal function]: spl_autoload_call()
 7 SYSTEMPATH/CodeIgniter.php(846): class_exists()
 8 SYSTEMPATH/CodeIgniter.php(453): CodeIgniter\CodeIgniter->startController()
 9 SYSTEMPATH/CodeIgniter.php(349): CodeIgniter\CodeIgniter->handleRequest()
10 FCPATH/index.php(55): CodeIgniter\CodeIgniter->run()
11 SYSTEMPATH/Commands/Server/rewrite.php(43): require_once('FCPATH/index.php')
CRITICAL - 2022-06-25 04:37:23 --> Declaration of App\Controllers\ContactsController::update($id, $contact) should be compatible with CodeIgniter\RESTful\ResourceController::update($id = NULL)
in APPPATH/Controllers/ContactsController.php on line 21.
 1 APPPATH/Controllers/ContactsController.php(9): CodeIgniter\Debug\Exceptions->errorHandler()
 2 SYSTEMPATH/Autoloader/Autoloader.php(284): include_once('APPPATH/Controllers/ContactsController.php')
 3 SYSTEMPATH/Autoloader/Autoloader.php(261): CodeIgniter\Autoloader\Autoloader->includeFile()
 4 SYSTEMPATH/Autoloader/Autoloader.php(239): CodeIgniter\Autoloader\Autoloader->loadInNamespace()
 5 [internal function]: CodeIgniter\Autoloader\Autoloader->loadClass()
 6 [internal function]: spl_autoload_call()
 7 SYSTEMPATH/CodeIgniter.php(846): class_exists()
 8 SYSTEMPATH/CodeIgniter.php(453): CodeIgniter\CodeIgniter->startController()
 9 SYSTEMPATH/CodeIgniter.php(349): CodeIgniter\CodeIgniter->handleRequest()
10 FCPATH/index.php(55): CodeIgniter\CodeIgniter->run()
11 SYSTEMPATH/Commands/Server/rewrite.php(43): require_once('FCPATH/index.php')
CRITICAL - 2022-06-25 04:38:17 --> Declaration of App\Controllers\ContactsController::update() should be compatible with CodeIgniter\RESTful\ResourceController::update($id = NULL)
in APPPATH/Controllers/ContactsController.php on line 21.
 1 APPPATH/Controllers/ContactsController.php(9): CodeIgniter\Debug\Exceptions->errorHandler()
 2 SYSTEMPATH/Autoloader/Autoloader.php(284): include_once('APPPATH/Controllers/ContactsController.php')
 3 SYSTEMPATH/Autoloader/Autoloader.php(261): CodeIgniter\Autoloader\Autoloader->includeFile()
 4 SYSTEMPATH/Autoloader/Autoloader.php(239): CodeIgniter\Autoloader\Autoloader->loadInNamespace()
 5 [internal function]: CodeIgniter\Autoloader\Autoloader->loadClass()
 6 [internal function]: spl_autoload_call()
 7 SYSTEMPATH/CodeIgniter.php(846): class_exists()
 8 SYSTEMPATH/CodeIgniter.php(453): CodeIgniter\CodeIgniter->startController()
 9 SYSTEMPATH/CodeIgniter.php(349): CodeIgniter\CodeIgniter->handleRequest()
10 FCPATH/index.php(55): CodeIgniter\CodeIgniter->run()
11 SYSTEMPATH/Commands/Server/rewrite.php(43): require_once('FCPATH/index.php')
CRITICAL - 2022-06-25 04:38:59 --> Declaration of App\Controllers\ContactsController::update() should be compatible with CodeIgniter\RESTful\ResourceController::update($id = NULL)
in APPPATH/Controllers/ContactsController.php on line 21.
 1 APPPATH/Controllers/ContactsController.php(9): CodeIgniter\Debug\Exceptions->errorHandler()
 2 SYSTEMPATH/Autoloader/Autoloader.php(284): include_once('APPPATH/Controllers/ContactsController.php')
 3 SYSTEMPATH/Autoloader/Autoloader.php(261): CodeIgniter\Autoloader\Autoloader->includeFile()
 4 SYSTEMPATH/Autoloader/Autoloader.php(239): CodeIgniter\Autoloader\Autoloader->loadInNamespace()
 5 [internal function]: CodeIgniter\Autoloader\Autoloader->loadClass()
 6 [internal function]: spl_autoload_call()
 7 SYSTEMPATH/CodeIgniter.php(846): class_exists()
 8 SYSTEMPATH/CodeIgniter.php(453): CodeIgniter\CodeIgniter->startController()
 9 SYSTEMPATH/CodeIgniter.php(349): CodeIgniter\CodeIgniter->handleRequest()
10 FCPATH/index.php(55): CodeIgniter\CodeIgniter->run()
11 SYSTEMPATH/Commands/Server/rewrite.php(43): require_once('FCPATH/index.php')
CRITICAL - 2022-06-25 04:39:29 --> Declaration of App\Controllers\ContactsController::update() should be compatible with CodeIgniter\RESTful\ResourceController::update($id = NULL)
in APPPATH/Controllers/ContactsController.php on line 21.
 1 APPPATH/Controllers/ContactsController.php(9): CodeIgniter\Debug\Exceptions->errorHandler()
 2 SYSTEMPATH/Autoloader/Autoloader.php(284): include_once('APPPATH/Controllers/ContactsController.php')
 3 SYSTEMPATH/Autoloader/Autoloader.php(261): CodeIgniter\Autoloader\Autoloader->includeFile()
 4 SYSTEMPATH/Autoloader/Autoloader.php(239): CodeIgniter\Autoloader\Autoloader->loadInNamespace()
 5 [internal function]: CodeIgniter\Autoloader\Autoloader->loadClass()
 6 [internal function]: spl_autoload_call()
 7 SYSTEMPATH/CodeIgniter.php(846): class_exists()
 8 SYSTEMPATH/CodeIgniter.php(453): CodeIgniter\CodeIgniter->startController()
 9 SYSTEMPATH/CodeIgniter.php(349): CodeIgniter\CodeIgniter->handleRequest()
10 FCPATH/index.php(55): CodeIgniter\CodeIgniter->run()
11 SYSTEMPATH/Commands/Server/rewrite.php(43): require_once('FCPATH/index.php')
